Start testing: Jul 15 11:03 UTC
----------------------------------------------------------
2/6 Testing: tsp_solver_no_val_tests
2/6 Test: tsp_solver_no_val_tests
Command: "/home/wj/code/TSP/build-release/tsp_solver_no_val_tests"
Directory: /home/wj/code/TSP/build-release
"tsp_solver_no_val_tests" start time: Jul 15 11:03 UTC
Output:
----------------------------------------------------------
tsp_solver_tests passed
<end of output>
Test time =   0.02 sec
----------------------------------------------------------
Test Passed.
"tsp_solver_no_val_tests" end time: Jul 15 11:03 UTC
"tsp_solver_no_val_tests" time elapsed: 00:00:00
----------------------------------------------------------

3/6 Testing: tsp_solver_min_edge_no_val_tests
3/6 Test: tsp_solver_min_edge_no_val_tests
Command: "/home/wj/code/TSP/build-release/tsp_solver_min_edge_no_val_tests"
Directory: /home/wj/code/TSP/build-release
"tsp_solver_min_edge_no_val_tests" start time: Jul 15 11:03 UTC
Output:
----------------------------------------------------------
tsp_solver_tests passed
<end of output>
Test time =   0.02 sec
----------------------------------------------------------
Test Passed.
"tsp_solver_min_edge_no_val_tests" end time: Jul 15 11:03 UTC
"tsp_solver_min_edge_no_val_tests" time elapsed: 00:00:00
----------------------------------------------------------

End testing: Jul 15 11:03 UTC
